mode: set
github.com/shengyanli1982/go-loadbalancer/lb/errors.go:15.32,17.2 1 0
github.com/shengyanli1982/go-loadbalancer/lb/errors.go:19.32,21.2 1 0
github.com/shengyanli1982/go-loadbalancer/lb/errors.go:23.39,24.34 1 0
github.com/shengyanli1982/go-loadbalancer/lb/errors.go:24.34,26.3 1 0
github.com/shengyanli1982/go-loadbalancer/lb/errors.go:27.2,27.14 1 0
github.com/shengyanli1982/go-loadbalancer/lb/errors.go:35.43,41.2 1 0
github.com/shengyanli1982/go-loadbalancer/lb/errors.go:43.45,49.2 1 0
github.com/shengyanli1982/go-loadbalancer/lb/hash.go:9.33,14.2 4 1
github.com/shengyanli1982/go-loadbalancer/lb/ip_hash.go:5.31,7.2 1 1
github.com/shengyanli1982/go-loadbalancer/lb/ip_hash.go:9.71,10.24 1 1
github.com/shengyanli1982/go-loadbalancer/lb/ip_hash.go:10.24,12.3 1 1
github.com/shengyanli1982/go-loadbalancer/lb/ip_hash.go:13.2,13.19 1 1
github.com/shengyanli1982/go-loadbalancer/lb/ip_hash.go:13.19,15.3 1 0
github.com/shengyanli1982/go-loadbalancer/lb/ip_hash.go:16.2,18.22 3 1
github.com/shengyanli1982/go-loadbalancer/lb/least_conn.go:7.30,11.2 1 1
github.com/shengyanli1982/go-loadbalancer/lb/least_conn.go:13.56,14.24 1 1
github.com/shengyanli1982/go-loadbalancer/lb/least_conn.go:14.24,16.3 1 1
github.com/shengyanli1982/go-loadbalancer/lb/least_conn.go:18.2,18.29 1 1
github.com/shengyanli1982/go-loadbalancer/lb/least_conn.go:18.29,20.40 2 1
github.com/shengyanli1982/go-loadbalancer/lb/least_conn.go:20.40,22.4 1 1
github.com/shengyanli1982/go-loadbalancer/lb/least_conn.go:25.2,28.29 3 1
github.com/shengyanli1982/go-loadbalancer/lb/least_conn.go:28.29,30.36 2 1
github.com/shengyanli1982/go-loadbalancer/lb/least_conn.go:30.36,33.4 2 1
github.com/shengyanli1982/go-loadbalancer/lb/least_conn.go:36.2,37.17 2 1
github.com/shengyanli1982/go-loadbalancer/lb/maglev.go:14.46,16.2 1 1
github.com/shengyanli1982/go-loadbalancer/lb/maglev.go:18.53,19.24 1 1
github.com/shengyanli1982/go-loadbalancer/lb/maglev.go:19.24,21.3 1 0
github.com/shengyanli1982/go-loadbalancer/lb/maglev.go:22.2,22.20 1 1
github.com/shengyanli1982/go-loadbalancer/lb/p2c.go:15.24,20.2 1 1
github.com/shengyanli1982/go-loadbalancer/lb/p2c.go:22.50,23.24 1 1
github.com/shengyanli1982/go-loadbalancer/lb/p2c.go:23.24,25.3 1 1
github.com/shengyanli1982/go-loadbalancer/lb/p2c.go:27.2,27.24 1 1
github.com/shengyanli1982/go-loadbalancer/lb/p2c.go:27.24,29.34 2 1
github.com/shengyanli1982/go-loadbalancer/lb/p2c.go:29.34,31.4 1 1
github.com/shengyanli1982/go-loadbalancer/lb/p2c.go:32.3,33.21 2 1
github.com/shengyanli1982/go-loadbalancer/lb/p2c.go:36.2,40.19 4 1
github.com/shengyanli1982/go-loadbalancer/lb/p2c.go:40.19,42.3 1 1
github.com/shengyanli1982/go-loadbalancer/lb/p2c.go:44.2,49.30 4 1
github.com/shengyanli1982/go-loadbalancer/lb/p2c.go:49.30,52.34 3 1
github.com/shengyanli1982/go-loadbalancer/lb/p2c.go:52.34,54.4 1 1
github.com/shengyanli1982/go-loadbalancer/lb/p2c.go:55.3,58.29 3 1
github.com/shengyanli1982/go-loadbalancer/lb/p2c.go:58.29,61.4 2 1
github.com/shengyanli1982/go-loadbalancer/lb/p2c.go:64.2,66.17 3 1
github.com/shengyanli1982/go-loadbalancer/lb/random.go:9.27,11.2 1 1
github.com/shengyanli1982/go-loadbalancer/lb/random.go:13.53,14.24 1 1
github.com/shengyanli1982/go-loadbalancer/lb/random.go:14.24,16.3 1 1
github.com/shengyanli1982/go-loadbalancer/lb/random.go:17.2,17.43 1 1
github.com/shengyanli1982/go-loadbalancer/lb/ring_hash.go:13.50,17.81 2 1
github.com/shengyanli1982/go-loadbalancer/lb/ring_hash.go:17.81,19.3 1 0
github.com/shengyanli1982/go-loadbalancer/lb/ring_hash.go:20.2,20.10 1 1
github.com/shengyanli1982/go-loadbalancer/lb/ring_hash.go:23.55,24.24 1 1
github.com/shengyanli1982/go-loadbalancer/lb/ring_hash.go:24.24,26.3 1 0
github.com/shengyanli1982/go-loadbalancer/lb/ring_hash.go:27.2,27.20 1 1
github.com/shengyanli1982/go-loadbalancer/lb/ring_hash.go:30.73,31.24 1 0
github.com/shengyanli1982/go-loadbalancer/lb/ring_hash.go:31.24,33.3 1 0
github.com/shengyanli1982/go-loadbalancer/lb/ring_hash.go:34.2,34.19 1 0
github.com/shengyanli1982/go-loadbalancer/lb/ring_hash.go:34.19,36.3 1 0
github.com/shengyanli1982/go-loadbalancer/lb/ring_hash.go:38.2,41.22 4 0
github.com/shengyanli1982/go-loadbalancer/lb/round_robin.go:7.31,9.2 1 1
github.com/shengyanli1982/go-loadbalancer/lb/round_robin.go:11.57,12.24 1 1
github.com/shengyanli1982/go-loadbalancer/lb/round_robin.go:12.24,14.3 1 1
github.com/shengyanli1982/go-loadbalancer/lb/round_robin.go:15.2,15.30 1 1
github.com/shengyanli1982/go-loadbalancer/lb/round_robin.go:15.30,17.3 1 1
github.com/shengyanli1982/go-loadbalancer/lb/round_robin.go:18.2,20.16 3 1
github.com/shengyanli1982/go-loadbalancer/lb/selector.go:11.58,12.24 1 0
github.com/shengyanli1982/go-loadbalancer/lb/selector.go:12.24,14.3 1 0
github.com/shengyanli1982/go-loadbalancer/lb/selector.go:15.2,15.27 1 0
github.com/shengyanli1982/go-loadbalancer/lb/smooth_weighted_rr.go:9.37,11.2 1 1
github.com/shengyanli1982/go-loadbalancer/lb/smooth_weighted_rr.go:13.63,14.24 1 1
github.com/shengyanli1982/go-loadbalancer/lb/smooth_weighted_rr.go:14.24,16.3 1 1
github.com/shengyanli1982/go-loadbalancer/lb/smooth_weighted_rr.go:18.2,18.45 1 1
github.com/shengyanli1982/go-loadbalancer/lb/smooth_weighted_rr.go:18.45,22.30 4 1
github.com/shengyanli1982/go-loadbalancer/lb/smooth_weighted_rr.go:22.30,25.11 3 1
github.com/shengyanli1982/go-loadbalancer/lb/smooth_weighted_rr.go:25.11,28.5 2 0
github.com/shengyanli1982/go-loadbalancer/lb/smooth_weighted_rr.go:28.10,31.5 2 1
github.com/shengyanli1982/go-loadbalancer/lb/smooth_weighted_rr.go:35.2,36.38 2 1
github.com/shengyanli1982/go-loadbalancer/lb/smooth_weighted_rr.go:36.38,38.3 1 1
github.com/shengyanli1982/go-loadbalancer/lb/smooth_weighted_rr.go:40.2,40.22 1 1
github.com/shengyanli1982/go-loadbalancer/lb/smooth_weighted_rr.go:40.22,42.3 1 0
github.com/shengyanli1982/go-loadbalancer/lb/smooth_weighted_rr.go:44.2,44.33 1 1
github.com/shengyanli1982/go-loadbalancer/lb/smooth_weighted_rr.go:44.33,46.3 1 1
github.com/shengyanli1982/go-loadbalancer/lb/smooth_weighted_rr.go:48.2,50.36 3 1
github.com/shengyanli1982/go-loadbalancer/lb/smooth_weighted_rr.go:50.36,51.20 1 1
github.com/shengyanli1982/go-loadbalancer/lb/smooth_weighted_rr.go:51.20,54.4 2 1
github.com/shengyanli1982/go-loadbalancer/lb/smooth_weighted_rr.go:57.2,59.29 2 1
github.com/shengyanli1982/go-loadbalancer/lb/uri_hash.go:11.52,13.17 2 1
github.com/shengyanli1982/go-loadbalancer/lb/uri_hash.go:13.17,15.3 1 0
github.com/shengyanli1982/go-loadbalancer/lb/uri_hash.go:16.2,16.10 1 1
github.com/shengyanli1982/go-loadbalancer/lb/uri_hash.go:19.72,20.24 1 1
github.com/shengyanli1982/go-loadbalancer/lb/uri_hash.go:20.24,22.3 1 0
github.com/shengyanli1982/go-loadbalancer/lb/uri_hash.go:23.2,23.19 1 1
github.com/shengyanli1982/go-loadbalancer/lb/uri_hash.go:23.19,25.3 1 0
github.com/shengyanli1982/go-loadbalancer/lb/uri_hash.go:26.2,28.22 3 1
github.com/shengyanli1982/go-loadbalancer/lb/weighted_rr.go:7.31,9.2 1 1
github.com/shengyanli1982/go-loadbalancer/lb/weighted_rr.go:11.57,12.24 1 1
github.com/shengyanli1982/go-loadbalancer/lb/weighted_rr.go:12.24,14.3 1 1
github.com/shengyanli1982/go-loadbalancer/lb/weighted_rr.go:16.2,17.29 2 1
github.com/shengyanli1982/go-loadbalancer/lb/weighted_rr.go:17.29,19.10 2 1
github.com/shengyanli1982/go-loadbalancer/lb/weighted_rr.go:19.10,21.4 1 1
github.com/shengyanli1982/go-loadbalancer/lb/weighted_rr.go:21.9,23.4 1 1
github.com/shengyanli1982/go-loadbalancer/lb/weighted_rr.go:26.2,27.29 2 1
github.com/shengyanli1982/go-loadbalancer/lb/weighted_rr.go:27.29,29.3 1 1
github.com/shengyanli1982/go-loadbalancer/lb/weighted_rr.go:31.2,31.22 1 1
github.com/shengyanli1982/go-loadbalancer/lb/weighted_rr.go:31.22,33.3 1 0
github.com/shengyanli1982/go-loadbalancer/lb/weighted_rr.go:35.2,39.29 4 1
github.com/shengyanli1982/go-loadbalancer/lb/weighted_rr.go:39.29,41.23 2 1
github.com/shengyanli1982/go-loadbalancer/lb/weighted_rr.go:41.23,43.4 1 1
github.com/shengyanli1982/go-loadbalancer/lb/weighted_rr.go:46.2,46.34 1 0
github.com/shengyanli1982/go-loadbalancer/lb/weighted_rr.go:54.50,54.67 1 1
github.com/shengyanli1982/go-loadbalancer/lb/weighted_rr.go:55.50,55.69 1 1
